<?xml version="1.0" encoding="UTF-8"?>
<!-- Generated by org.testng.reporters.JUnitReportReporter -->
<testsuite hostname="uk-deepspace" name="com.bpmlite.testclient.CompleteDeploy_Start_Open" tests="4" failures="2" timestamp="17 Feb 2013 18:42:18 GMT" time="1548.438" errors="0">
  <testcase name="PostDataToServerCompleteWorkItem" time="0.001" classname="com.bpmlite.testclient.CompleteDeploy_Start_Open"/>
  <testcase name="TestGetFormData" time="0.253" classname="com.bpmlite.testclient.CompleteDeploy_Start_Open">
    <failure type="com.sun.jersey.api.client.UniformInterfaceException" message="GET http://localhost:8188/bpmLite/rest/getFormData?userId=12345&amp;requestId=691d481f-58ed-4b1b-a0ab-bc1fcb1b1a89 returned a response status of 404">
      <![CDATA[com.sun.jersey.api.client.UniformInterfaceException: GET http://localhost:8188/bpmLite/rest/getFormData?userId=12345&requestId=691d481f-58ed-4b1b-a0ab-bc1fcb1b1a89 returned a response status of 404
	at com.sun.jersey.api.client.WebResource.handle(WebResource.java:562)
	at com.sun.jersey.api.client.WebResource.access$200(WebResource.java:69)
	at com.sun.jersey.api.client.WebResource$Builder.get(WebResource.java:451)
	at com.bpmlite.testclient.CompleteDeploy_Start_Open.TestGetFormData(CompleteDeploy_Start_Open.java:102)
	at sun.reflect.NativeMethodAccessorImpl.invoke0(Native Method)
	at sun.reflect.NativeMethodAccessorImpl.invoke(Unknown Source)
	at sun.reflect.DelegatingMethodAccessorImpl.invoke(Unknown Source)
	at java.lang.reflect.Method.invoke(Unknown Source)
	at org.testng.internal.MethodInvocationHelper.invokeMethod(MethodInvocationHelper.java:80)
	at org.testng.internal.Invoker.invokeMethod(Invoker.java:714)
	at org.testng.internal.Invoker.invokeTestMethod(Invoker.java:901)
	at org.testng.internal.Invoker.invokeTestMethods(Invoker.java:1231)
	at org.testng.internal.TestMethodWorker.invokeTestMethods(TestMethodWorker.java:127)
	at org.testng.internal.TestMethodWorker.run(TestMethodWorker.java:111)
	at org.testng.TestRunner.privateRun(TestRunner.java:767)
	at org.testng.TestRunner.run(TestRunner.java:617)
	at org.testng.SuiteRunner.runTest(SuiteRunner.java:334)
	at org.testng.SuiteRunner.runSequentially(SuiteRunner.java:329)
	at org.testng.SuiteRunner.privateRun(SuiteRunner.java:291)
	at org.testng.SuiteRunner.run(SuiteRunner.java:240)
	at org.testng.SuiteRunnerWorker.runSuite(SuiteRunnerWorker.java:52)
	at org.testng.SuiteRunnerWorker.run(SuiteRunnerWorker.java:86)
	at org.testng.TestNG.runSuitesSequentially(TestNG.java:1197)
	at org.testng.TestNG.runSuitesLocally(TestNG.java:1122)
	at org.testng.TestNG.run(TestNG.java:1030)
	at org.testng.remote.RemoteTestNG.run(RemoteTestNG.java:111)
	at org.testng.remote.RemoteTestNG.initAndRun(RemoteTestNG.java:204)
	at org.testng.remote.RemoteTestNG.main(RemoteTestNG.java:175)
]]>
    </failure>
  </testcase> <!-- TestGetFormData -->
  <testcase name="startProcess" time="1546.530" classname="com.bpmlite.testclient.CompleteDeploy_Start_Open"/>
  <testcase name="testDeploy" time="1.654" classname="com.bpmlite.testclient.CompleteDeploy_Start_Open"/>
</testsuite> <!-- com.bpmlite.testclient.CompleteDeploy_Start_Open -->
